<?xml version="1.0" encoding="UTF-8"?>
<!-- Generated by org.testng.reporters.JUnitReportReporter -->
<testsuite hostname="LAPTOP-I3ABMITL" name="com.may.testCases.TCLogin001" tests="1" failures="0" timestamp="11 May 2021 07:56:43 GMT" time="1.401" errors="0">
  <testcase name="loginTest" time="1.401" classname="com.may.testCases.TCLogin001"/>
</testsuite> <!-- com.may.testCases.TCLogin001 -->
