<?xml version="1.0" encoding="UTF-8"?>
<!-- Generated by org.testng.reporters.JUnitReportReporter -->
<testsuite hostname="LAPTOP-I3ABMITL" name="com.may.testCases.TCLogin002" tests="1" failures="0" timestamp="11 May 2021 07:56:43 GMT" time="7.266" errors="0">
  <testcase name="TCLogin" time="7.266" classname="com.may.testCases.TCLogin002"/>
</testsuite> <!-- com.may.testCases.TCLogin002 -->
